{
  "stats": {
    "suites": 1,
    "tests": 1,
    "passes": 0,
    "pending": 0,
    "failures": 1,
    "start": "2024-08-15T02:20:19.150Z",
    "end": "2024-08-15T02:20:22.506Z",
    "duration": 3356,
    "testsRegistered": 3,
    "passPercent": 0,
    "pendingPercent": 0,
    "other": 0,
    "hasOther": false,
    "skipped": 2,
    "hasSkipped": true
  },
  "results": [
    {
      "uuid": "6d9914dd-f351-4363-b2e6-20c9f232025b",
      "title": "",
      "fullFile": "cypress/e2e/counter.cy.ts",
      "file": "cypress/e2e/counter.cy.ts",
      "beforeHooks": [],
      "afterHooks": [],
      "tests": [],
      "suites": [
        {
          "uuid": "6977d4f0-15cd-4c27-8c10-19c34a882a4f",
          "title": "counter",
          "fullFile": "",
          "file": "",
          "beforeHooks": [],
          "afterHooks": [],
          "tests": [
            {
              "title": "click all buttons",
              "fullTitle": "counter click all buttons",
              "timedOut": null,
              "duration": 900,
              "state": "failed",
              "speed": null,
              "pass": false,
              "fail": true,
              "pending": false,
              "context": null,
              "code": "cy.get('button').each(($button, index) => {\n    cy.wrap($button).click();\n    // After clicking, assert the count is correct\n    cy.get('#count').invoke('text').should('equal', String(index + 1));\n});",
              "err": {
                "message": "CypressError: `cy.visit()` failed trying to load:\n\nhttp://127.0.0.1:5500/index.html\n\nWe attempted to make an http request to this URL but the request failed without a response.\n\nWe received this error at the network level:\n\n  > Error: connect ECONNREFUSED 127.0.0.1:5500\n\nCommon situations why this would fail:\n  - you don't have internet access\n  - you forgot to run / boot your web server\n  - your web server isn't accessible\n  - you have weird network configuration settings on your computer\n\nBecause this error occurred during a `before each` hook we are skipping the remaining tests in the current suite: `counter`",
                "estack": "CypressError: `cy.visit()` failed trying to load:\n\nhttp://127.0.0.1:5500/index.html\n\nWe attempted to make an http request to this URL but the request failed without a response.\n\nWe received this error at the network level:\n\n  > Error: connect ECONNREFUSED 127.0.0.1:5500\n\nCommon situations why this would fail:\n  - you don't have internet access\n  - you forgot to run / boot your web server\n  - your web server isn't accessible\n  - you have weird network configuration settings on your computer\n\nBecause this error occurred during a `before each` hook we are skipping the remaining tests in the current suite: `counter`\n    at <unknown> (http://localhost:54785/__cypress/runner/cypress_runner.js:131916:74)\n    at visitFailedByErr (http://localhost:54785/__cypress/runner/cypress_runner.js:131315:12)\n    at <unknown> (http://localhost:54785/__cypress/runner/cypress_runner.js:131915:11)\n    at tryCatcher (http://localhost:54785/__cypress/runner/cypress_runner.js:1807:23)\n    at Promise._settlePromiseFromHandler (http://localhost:54785/__cypress/runner/cypress_runner.js:1519:31)\n    at Promise._settlePromise (http://localhost:54785/__cypress/runner/cypress_runner.js:1576:18)\n    at Promise._settlePromise0 (http://localhost:54785/__cypress/runner/cypress_runner.js:1621:10)\n    at Promise._settlePromises (http://localhost:54785/__cypress/runner/cypress_runner.js:1697:18)\n    at _drainQueueStep (http://localhost:54785/__cypress/runner/cypress_runner.js:2407:12)\n    at _drainQueue (http://localhost:54785/__cypress/runner/cypress_runner.js:2400:9)\n    at Async._drainQueues (http://localhost:54785/__cypress/runner/cypress_runner.js:2416:5)\n    at Async.drainQueues (http://localhost:54785/__cypress/runner/cypress_runner.js:2286:14)\nFrom Your Spec Code:\n    at Context.eval (webpack:///./cypress/e2e/counter.cy.ts:4:0)\n\nFrom Node.js Internals:\n  Error: connect ECONNREFUSED 127.0.0.1:5500\n      at TCPConnectWrap.afterConnect [as oncomplete] (node:net:1495:16)",
                "diff": null
              },
              "uuid": "9b140678-cc35-4456-87cd-19ce93990eb5",
              "parentUUID": "6977d4f0-15cd-4c27-8c10-19c34a882a4f",
              "isHook": false,
              "skipped": false
            },
            {
              "title": "click all buttons 2",
              "fullTitle": "counter click all buttons 2",
              "timedOut": null,
              "duration": 0,
              "state": "skipped",
              "speed": null,
              "pass": false,
              "fail": false,
              "pending": false,
              "context": null,
              "code": "cy.get('button').then((buttons) => {\n    for (let i = 0; i < buttons.length; i++) {\n        cy.get('button').eq(i).click();\n        cy.get('#count').invoke('text').should('eql', String(i + 1));\n    }\n});",
              "err": {},
              "uuid": "dbb86311-11e4-49fa-87dd-692ddb5f6005",
              "parentUUID": "6977d4f0-15cd-4c27-8c10-19c34a882a4f",
              "isHook": false,
              "skipped": true
            },
            {
              "title": "check status",
              "fullTitle": "counter check status",
              "timedOut": null,
              "duration": 0,
              "state": "skipped",
              "speed": null,
              "pass": false,
              "fail": false,
              "pending": false,
              "context": null,
              "code": "cy.request('https://pokeapi.co/api/v2/pokemon/ditto').its('status').should('eql', 200);",
              "err": {},
              "uuid": "ccfe6bed-cca6-4d3b-9c9e-9e61c317a26f",
              "parentUUID": "6977d4f0-15cd-4c27-8c10-19c34a882a4f",
              "isHook": false,
              "skipped": true
            }
          ],
          "suites": [],
          "passes": [],
          "failures": [
            "9b140678-cc35-4456-87cd-19ce93990eb5"
          ],
          "pending": [],
          "skipped": [
            "dbb86311-11e4-49fa-87dd-692ddb5f6005",
            "ccfe6bed-cca6-4d3b-9c9e-9e61c317a26f"
          ],
          "duration": 900,
          "root": false,
          "rootEmpty": false,
          "_timeout": 2000
        }
      ],
      "passes": [],
      "failures": [],
      "pending": [],
      "skipped": [],
      "duration": 0,
      "root": true,
      "rootEmpty": true,
      "_timeout": 2000
    }
  ],
  "meta": {
    "mocha": {
      "version": "7.0.1"
    },
    "mochawesome": {
      "options": {
        "quiet": false,
        "reportFilename": "mochawesome",
        "saveHtml": false,
        "saveJson": true,
        "consoleReporter": "spec",
        "useInlineDiffs": false,
        "code": true
      },
      "version": "7.1.3"
    },
    "marge": {
      "options": {
        "overwrite": false,
        "html": false,
        "json": true,
        "reportDir": "cypress/reports/html/.jsons"
      },
      "version": "6.2.0"
    }
  }
}